<?xml version="1.0" encoding="UTF-8"?>
<!-- Generated by org.testng.reporters.JUnitReportReporter -->
<testsuite hostname="MuhammadJaziem" failures="0" tests="1" name="healthCheck.TC_HealthCheck" time="6.720" errors="0" timestamp="2022-08-19T07:21:28 MYT" skipped="0">
  <testcase classname="healthCheck.TC_HealthCheck" name="t_01_cscart_search" time="6.720"/>
  <system-out>
    <![CDATA[Navigated to Browser:chrome URL: https://electronics.demos.mv.cs-cart.com/4dc1c88e4fe36f88/?_ga=2.200140142.1504236807.1660864797-236615256.1659200917]]>
  </system-out>
</testsuite> <!-- healthCheck.TC_HealthCheck -->
